<?xml version="1.0" encoding="UTF-8"?>
<!-- Generated by org.testng.reporters.JUnitReportReporter -->
<testsuite hostname="QSP" failures="0" tests="1" name="curd.Test0" time="5.301" errors="0" timestamp="2021-07-10T20:22:58 IST" skipped="0">
  <testcase classname="curd.Test0" name="getData" time="5.301"/>
</testsuite> <!-- curd.Test0 -->
