<?xml version="1.0" encoding="UTF-8"?>
<!-- Generated by org.testng.reporters.JUnitReportReporter -->
<testsuite hostname="QSP" failures="0" tests="1" name="pojo.Deserilaization" time="0.680" errors="0" timestamp="2021-07-16T20:02:44 IST" skipped="0">
  <testcase classname="pojo.Deserilaization" name="tc2" time="0.680"/>
</testsuite> <!-- pojo.Deserilaization -->
