<?xml version="1.0" encoding="UTF-8"?>
<!-- Generated by org.testng.reporters.JUnitReportReporter -->
<testsuite hostname="QSP" failures="0" tests="1" name="curd.PostOperation" time="5.257" errors="0" timestamp="2021-07-13T19:55:31 IST" skipped="0">
  <testcase classname="curd.PostOperation" name="tc2" time="5.257"/>
</testsuite> <!-- curd.PostOperation -->
