<?xml version="1.0" encoding="UTF-8"?>
<!-- Generated by org.testng.reporters.JUnitReportReporter -->
<testsuite hostname="QSP" failures="0" tests="1" name="curdBDD.GetOpertaion" time="5.378" errors="0" timestamp="2021-07-15T21:24:31 IST" skipped="0">
  <testcase classname="curdBDD.GetOpertaion" name="tc1" time="5.378"/>
</testsuite> <!-- curdBDD.GetOpertaion -->
