<?xml version="1.0" encoding="UTF-8"?>
<!-- Generated by org.testng.reporters.JUnitReportReporter -->
<testsuite hostname="QSP" failures="0" tests="1" name="authorizationGitHub.GetOperation" time="8.257" errors="0" timestamp="2021-07-14T19:23:47 IST" skipped="0">
  <testcase classname="authorizationGitHub.GetOperation" name="tc1" time="8.257"/>
</testsuite> <!-- authorizationGitHub.GetOperation -->
