<?xml version="1.0" encoding="UTF-8"?>
<!-- Generated by org.testng.reporters.JUnitReportReporter -->
<testsuite hostname="QSP" failures="0" tests="1" name="curd.Gettheinfo" time="5.359" errors="0" timestamp="2021-07-13T19:46:03 IST" skipped="0">
  <testcase classname="curd.Gettheinfo" name="tc1" time="5.359"/>
</testsuite> <!-- curd.Gettheinfo -->
