<?xml version="1.0" encoding="UTF-8"?>
<!-- Generated by org.testng.reporters.JUnitReportReporter -->
<testsuite hostname="QSP" failures="0" tests="1" name="validations.Test0" time="6.582" errors="0" timestamp="2021-07-15T19:35:21 IST" skipped="0">
  <testcase classname="validations.Test0" name="tc1" time="6.582"/>
</testsuite> <!-- validations.Test0 -->
