<?xml version="1.0" encoding="UTF-8"?>
<!-- Generated by org.testng.reporters.JUnitReportReporter -->
<testsuite hostname="QSP" failures="0" tests="1" name="authorizationGitHub.UpdateOperation" time="6.572" errors="0" timestamp="2021-07-14T19:39:15 IST" skipped="0">
  <testcase classname="authorizationGitHub.UpdateOperation" name="tc4" time="6.572"/>
</testsuite> <!-- authorizationGitHub.UpdateOperation -->
