<?xml version="1.0" encoding="UTF-8"?>
<!-- Generated by org.testng.reporters.JUnitReportReporter -->
<testsuite hostname="QSP" failures="0" tests="1" name="parameterization.GetOPeration" time="7.947" errors="0" timestamp="2021-07-14T20:58:50 IST" skipped="0">
  <testcase classname="parameterization.GetOPeration" name="tc3" time="7.947"/>
</testsuite> <!-- parameterization.GetOPeration -->
