<?xml version="1.0" encoding="UTF-8"?>
<!-- Generated by org.testng.reporters.JUnitReportReporter -->
<testsuite hostname="QSP" failures="0" tests="1" name="curdBDD.PostOperation" time="5.371" errors="0" timestamp="2021-07-13T20:54:08 IST" skipped="0">
  <testcase classname="curdBDD.PostOperation" name="tc3" time="5.371"/>
</testsuite> <!-- curdBDD.PostOperation -->
