<?xml version="1.0" encoding="UTF-8"?>
<!-- Generated by org.testng.reporters.JUnitReportReporter -->
<testsuite hostname="QSP" failures="0" tests="1" name="parameterization.PostOperation" time="7.609" errors="0" timestamp="2021-07-14T20:51:59 IST" skipped="0">
  <testcase classname="parameterization.PostOperation" name="demo" time="7.609"/>
</testsuite> <!-- parameterization.PostOperation -->
