<?xml version="1.0" encoding="UTF-8"?>
<!-- Generated by org.testng.reporters.JUnitReportReporter -->
<testsuite hostname="QSP" failures="0" tests="1" name="curdBDD.DeleteOperation" time="0.071" errors="0" timestamp="2021-07-15T21:24:31 IST" skipped="0">
  <testcase classname="curdBDD.DeleteOperation" name="tc3" time="0.071"/>
</testsuite> <!-- curdBDD.DeleteOperation -->
