<?xml version="1.0" encoding="UTF-8"?>
<!-- Generated by org.testng.reporters.JUnitReportReporter -->
<testsuite hostname="QSP" failures="0" tests="1" name="curdBDD.GetOpertaion" time="4.647" errors="0" timestamp="2021-07-13T20:47:52 IST" skipped="0">
  <testcase classname="curdBDD.GetOpertaion" name="tc1" time="4.647"/>
</testsuite> <!-- curdBDD.GetOpertaion -->
