<?xml version="1.0" encoding="UTF-8"?>
<!-- Generated by org.testng.reporters.JUnitReportReporter -->
<testsuite hostname="QSP" failures="0" tests="1" name="validations.Test4" time="6.916" errors="0" timestamp="2021-07-15T20:46:12 IST" skipped="0">
  <testcase classname="validations.Test4" name="tc1" time="6.916"/>
</testsuite> <!-- validations.Test4 -->
