<?xml version="1.0" encoding="UTF-8"?>
<!-- Generated by org.testng.reporters.JUnitReportReporter -->
<testsuite hostname="QSP" failures="0" tests="1" name="curd.UpdateOperation" time="5.519" errors="0" timestamp="2021-07-13T20:23:33 IST" skipped="0">
  <testcase classname="curd.UpdateOperation" name="tc3" time="5.519"/>
</testsuite> <!-- curd.UpdateOperation -->
