<?xml version="1.0" encoding="UTF-8"?>
<!-- Generated by org.testng.reporters.JUnitReportReporter -->
<testsuite hostname="QSP" failures="0" tests="1" name="validations.Test3" time="7.135" errors="0" timestamp="2021-07-15T20:41:28 IST" skipped="0">
  <testcase classname="validations.Test3" name="tc1" time="7.135"/>
</testsuite> <!-- validations.Test3 -->
