<?xml version="1.0" encoding="UTF-8"?>
<!-- Generated by org.testng.reporters.JUnitReportReporter -->
<testsuite hostname="QSP" failures="0" tests="1" name="curdBDD.UpdateOperation" time="5.482" errors="0" timestamp="2021-07-13T21:08:00 IST" skipped="0">
  <testcase classname="curdBDD.UpdateOperation" name="tc3" time="5.482"/>
</testsuite> <!-- curdBDD.UpdateOperation -->
