<?xml version="1.0" encoding="UTF-8"?>
<!-- Generated by org.testng.reporters.JUnitReportReporter -->
<testsuite hostname="QSP" failures="0" tests="1" name="curd.DeleteOperation" time="4.571" errors="0" timestamp="2021-07-13T20:28:32 IST" skipped="0">
  <testcase classname="curd.DeleteOperation" name="tc3" time="4.571"/>
</testsuite> <!-- curd.DeleteOperation -->
