<?xml version="1.0" encoding="UTF-8"?>
<!-- Generated by org.testng.reporters.JUnitReportReporter -->
<testsuite hostname="QSP" failures="0" tests="1" name="authorizationGitHub.PostOperation" time="7.716" errors="0" timestamp="2021-07-14T19:33:44 IST" skipped="0">
  <testcase classname="authorizationGitHub.PostOperation" name="tc2" time="7.716"/>
</testsuite> <!-- authorizationGitHub.PostOperation -->
