<?xml version="1.0" encoding="UTF-8"?>
<!-- Generated by org.testng.reporters.JUnitReportReporter -->
<testsuite hostname="QSP" failures="0" tests="1" name="parameterization.PostOperation" time="3.551" errors="0" timestamp="2021-07-16T10:19:59 IST" skipped="0">
  <testcase classname="parameterization.PostOperation" name="demo" time="3.551"/>
</testsuite> <!-- parameterization.PostOperation -->
