<?xml version="1.0" encoding="UTF-8"?>
<!-- Generated by org.testng.reporters.JUnitReportReporter -->
<testsuite hostname="QSP" failures="0" tests="1" name="parameterization.Demo" time="3.289" errors="0" timestamp="2021-07-16T10:19:47 IST" skipped="0">
  <testcase classname="parameterization.Demo" name="tc3" time="3.289"/>
</testsuite> <!-- parameterization.Demo -->
