<?xml version="1.0" encoding="UTF-8"?>
<!-- Generated by org.testng.reporters.JUnitReportReporter -->
<testsuite hostname="QSP" failures="0" tests="1" name="authorizationGitHub.DeleteRepro" time="5.054" errors="0" timestamp="2021-07-14T19:42:42 IST" skipped="0">
  <testcase classname="authorizationGitHub.DeleteRepro" name="tc4" time="5.054"/>
</testsuite> <!-- authorizationGitHub.DeleteRepro -->
