<?xml version="1.0" encoding="UTF-8"?>
<!-- Generated by org.testng.reporters.JUnitReportReporter -->
<testsuite hostname="QSP" failures="0" tests="1" name="pojo.PostOperation" time="6.319" errors="0" timestamp="2021-07-16T20:40:21 IST" skipped="0">
  <testcase classname="pojo.PostOperation" name="tc3" time="6.319"/>
</testsuite> <!-- pojo.PostOperation -->
