<?xml version="1.0" encoding="UTF-8"?>
<!-- Generated by org.testng.reporters.JUnitReportReporter -->
<testsuite hostname="QSP" failures="0" tests="1" name="validations.Test1" time="7.976" errors="0" timestamp="2021-07-15T20:03:51 IST" skipped="0">
  <testcase classname="validations.Test1" name="tc1" time="7.976"/>
</testsuite> <!-- validations.Test1 -->
